
instances_output = [
  {
    "ami" = "ami-0220d79f3f480ecf5"
    "arn" = "arn:aws:ec2:us-east-1:694509210580:instance/i-03830de056f127b15"
    "associate_public_ip_address" = true
    "availability_zone" = "us-east-1c"
    "capacity_reservation_specification" = tolist([
      {
        "capacity_reservation_preference" = "open"
        "capacity_reservation_target" = tolist([])
      },
    ])
    "cpu_options" = tolist([
      {
        "amd_sev_snp" = ""
        "core_count" = 1
        "nested_virtualization" = ""
        "threads_per_core" = 2
      },
    ])
    "credit_specification" = tolist([
      {
        "cpu_credits" = "unlimited"
      },
    ])
    "disable_api_stop" = false
    "disable_api_termination" = false
    "ebs_block_device" = toset([])
    "ebs_optimized" = false
    "enable_primary_ipv6" = tobool(null)
    "enclave_options" = tolist([
      {
        "enabled" = false
      },
    ])
    "ephemeral_block_device" = toset([])
    "force_destroy" = false
    "get_password_data" = false
    "hibernation" = false
    "host_id" = ""
    "host_resource_group_arn" = tostring(null)
    "iam_instance_profile" = ""
    "id" = "i-03830de056f127b15"
    "instance_initiated_shutdown_behavior" = "stop"
    "instance_lifecycle" = ""
    "instance_market_options" = tolist([])
    "instance_state" = "running"
    "instance_type" = "t3.micro"
    "ipv6_address_count" = 0
    "ipv6_addresses" = tolist([])
    "key_name" = ""
    "launch_template" = tolist([])
    "maintenance_options" = tolist([
      {
        "auto_recovery" = "default"
      },
    ])
    "metadata_options" = tolist([
      {
        "http_endpoint" = "enabled"
        "http_protocol_ipv6" = "disabled"
        "http_put_response_hop_limit" = 1
        "http_tokens" = "optional"
        "instance_metadata_tags" = "disabled"
      },
    ])
    "monitoring" = false
    "network_interface" = toset([])
    "outpost_arn" = ""
    "password_data" = ""
    "placement_group" = ""
    "placement_group_id" = ""
    "placement_partition_number" = 0
    "primary_network_interface" = tolist([
      {
        "delete_on_termination" = true
        "network_interface_id" = "eni-0c5df7d98b1ee3d13"
      },
    ])
    "primary_network_interface_id" = "eni-0c5df7d98b1ee3d13"
    "private_dns" = "ip-172-31-37-55.ec2.internal"
    "private_dns_name_options" = tolist([
      {
        "enable_resource_name_dns_a_record" = false
        "enable_resource_name_dns_aaaa_record" = false
        "hostname_type" = "ip-name"
      },
    ])
    "private_ip" = "172.31.37.55"
    "public_dns" = "ec2-54-198-109-229.compute-1.amazonaws.com"
    "public_ip" = "54.198.109.229"
    "region" = "us-east-1"
    "root_block_device" = tolist([
      {
        "delete_on_termination" = true
        "device_name" = "/dev/sda1"
        "encrypted" = false
        "iops" = 3000
        "kms_key_id" = ""
        "tags" = tomap({})
        "tags_all" = tomap({})
        "throughput" = 125
        "volume_id" = "vol-09d6c5e8709872906"
        "volume_size" = 20
        "volume_type" = "gp3"
      },
    ])
    "secondary_network_interface" = toset([])
    "secondary_private_ips" = toset([])
    "security_groups" = toset([
      "tr_all",
    ])
    "source_dest_check" = true
    "spot_instance_request_id" = ""
    "subnet_id" = "subnet-0f4fb3ba9a98a31a8"
    "tags" = tomap({
      "Name" = "mongodb"
      "Terraform" = "true"
    })
    "tags_all" = tomap({
      "Name" = "mongodb"
      "Terraform" = "true"
    })
    "tenancy" = "default"
    "timeouts" = null /* object */
    "user_data" = tostring(null)
    "user_data_base64" = tostring(null)
    "user_data_replace_on_change" = false
    "volume_tags" = tomap(null) /* of string */
    "vpc_security_group_ids" = toset([
      "sg-0a7eeeeb09a9c29be",
    ])
  },
  {
    "ami" = "ami-0220d79f3f480ecf5"
    "arn" = "arn:aws:ec2:us-east-1:694509210580:instance/i-01168e678f2ee866e"
    "associate_public_ip_address" = true
    "availability_zone" = "us-east-1c"
    "capacity_reservation_specification" = tolist([
      {
        "capacity_reservation_preference" = "open"
        "capacity_reservation_target" = tolist([])
      },
    ])
    "cpu_options" = tolist([
      {
        "amd_sev_snp" = ""
        "core_count" = 1
        "nested_virtualization" = ""
        "threads_per_core" = 2
      },
    ])
    "credit_specification" = tolist([
      {
        "cpu_credits" = "unlimited"
      },
    ])
    "disable_api_stop" = false
    "disable_api_termination" = false
    "ebs_block_device" = toset([])
    "ebs_optimized" = false
    "enable_primary_ipv6" = tobool(null)
    "enclave_options" = tolist([
      {
        "enabled" = false
      },
    ])
    "ephemeral_block_device" = toset([])
    "force_destroy" = false
    "get_password_data" = false
    "hibernation" = false
    "host_id" = ""
    "host_resource_group_arn" = tostring(null)
    "iam_instance_profile" = ""
    "id" = "i-01168e678f2ee866e"
    "instance_initiated_shutdown_behavior" = "stop"
    "instance_lifecycle" = ""
    "instance_market_options" = tolist([])
    "instance_state" = "running"
    "instance_type" = "t3.micro"
    "ipv6_address_count" = 0
    "ipv6_addresses" = tolist([])
    "key_name" = ""
    "launch_template" = tolist([])
    "maintenance_options" = tolist([
      {
        "auto_recovery" = "default"
      },
    ])
    "metadata_options" = tolist([
      {
        "http_endpoint" = "enabled"
        "http_protocol_ipv6" = "disabled"
        "http_put_response_hop_limit" = 1
        "http_tokens" = "optional"
        "instance_metadata_tags" = "disabled"
      },
    ])
    "monitoring" = false
    "network_interface" = toset([])
    "outpost_arn" = ""
    "password_data" = ""
    "placement_group" = ""
    "placement_group_id" = ""
    "placement_partition_number" = 0
    "primary_network_interface" = tolist([
      {
        "delete_on_termination" = true
        "network_interface_id" = "eni-0818accc2c0bd4089"
      },
    ])
    "primary_network_interface_id" = "eni-0818accc2c0bd4089"
    "private_dns" = "ip-172-31-38-219.ec2.internal"
    "private_dns_name_options" = tolist([
      {
        "enable_resource_name_dns_a_record" = false
        "enable_resource_name_dns_aaaa_record" = false
        "hostname_type" = "ip-name"
      },
    ])
    "private_ip" = "172.31.38.219"
    "public_dns" = "ec2-34-229-101-52.compute-1.amazonaws.com"
    "public_ip" = "34.229.101.52"
    "region" = "us-east-1"
    "root_block_device" = tolist([
      {
        "delete_on_termination" = true
        "device_name" = "/dev/sda1"
        "encrypted" = false
        "iops" = 3000
        "kms_key_id" = ""
        "tags" = tomap({})
        "tags_all" = tomap({})
        "throughput" = 125
        "volume_id" = "vol-0b6450f5e8cabac82"
        "volume_size" = 20
        "volume_type" = "gp3"
      },
    ])
    "secondary_network_interface" = toset([])
    "secondary_private_ips" = toset([])
    "security_groups" = toset([
      "tr_all",
    ])
    "source_dest_check" = true
    "spot_instance_request_id" = ""
    "subnet_id" = "subnet-0f4fb3ba9a98a31a8"
    "tags" = tomap({
      "Name" = "redis"
      "Terraform" = "true"
    })
    "tags_all" = tomap({
      "Name" = "redis"
      "Terraform" = "true"
    })
    "tenancy" = "default"
    "timeouts" = null /* object */
    "user_data" = tostring(null)
    "user_data_base64" = tostring(null)
    "user_data_replace_on_change" = false
    "volume_tags" = tomap(null) /* of string */
    "vpc_security_group_ids" = toset([
      "sg-0a7eeeeb09a9c29be",
    ])
  },
  {
    "ami" = "ami-0220d79f3f480ecf5"
    "arn" = "arn:aws:ec2:us-east-1:694509210580:instance/i-0b26a7263f7004295"
    "associate_public_ip_address" = true
    "availability_zone" = "us-east-1c"
    "capacity_reservation_specification" = tolist([
      {
        "capacity_reservation_preference" = "open"
        "capacity_reservation_target" = tolist([])
      },
    ])
    "cpu_options" = tolist([
      {
        "amd_sev_snp" = ""
        "core_count" = 1
        "nested_virtualization" = ""
        "threads_per_core" = 2
      },
    ])
    "credit_specification" = tolist([
      {
        "cpu_credits" = "unlimited"
      },
    ])
    "disable_api_stop" = false
    "disable_api_termination" = false
    "ebs_block_device" = toset([])
    "ebs_optimized" = false
    "enable_primary_ipv6" = tobool(null)
    "enclave_options" = tolist([
      {
        "enabled" = false
      },
    ])
    "ephemeral_block_device" = toset([])
    "force_destroy" = false
    "get_password_data" = false
    "hibernation" = false
    "host_id" = ""
    "host_resource_group_arn" = tostring(null)
    "iam_instance_profile" = ""
    "id" = "i-0b26a7263f7004295"
    "instance_initiated_shutdown_behavior" = "stop"
    "instance_lifecycle" = ""
    "instance_market_options" = tolist([])
    "instance_state" = "running"
    "instance_type" = "t3.micro"
    "ipv6_address_count" = 0
    "ipv6_addresses" = tolist([])
    "key_name" = ""
    "launch_template" = tolist([])
    "maintenance_options" = tolist([
      {
        "auto_recovery" = "default"
      },
    ])
    "metadata_options" = tolist([
      {
        "http_endpoint" = "enabled"
        "http_protocol_ipv6" = "disabled"
        "http_put_response_hop_limit" = 1
        "http_tokens" = "optional"
        "instance_metadata_tags" = "disabled"
      },
    ])
    "monitoring" = false
    "network_interface" = toset([])
    "outpost_arn" = ""
    "password_data" = ""
    "placement_group" = ""
    "placement_group_id" = ""
    "placement_partition_number" = 0
    "primary_network_interface" = tolist([
      {
        "delete_on_termination" = true
        "network_interface_id" = "eni-0d12c300849a40514"
      },
    ])
    "primary_network_interface_id" = "eni-0d12c300849a40514"
    "private_dns" = "ip-172-31-39-116.ec2.internal"
    "private_dns_name_options" = tolist([
      {
        "enable_resource_name_dns_a_record" = false
        "enable_resource_name_dns_aaaa_record" = false
        "hostname_type" = "ip-name"
      },
    ])
    "private_ip" = "172.31.39.116"
    "public_dns" = "ec2-3-90-107-132.compute-1.amazonaws.com"
    "public_ip" = "3.90.107.132"
    "region" = "us-east-1"
    "root_block_device" = tolist([
      {
        "delete_on_termination" = true
        "device_name" = "/dev/sda1"
        "encrypted" = false
        "iops" = 3000
        "kms_key_id" = ""
        "tags" = tomap({})
        "tags_all" = tomap({})
        "throughput" = 125
        "volume_id" = "vol-03acc12017a9a3288"
        "volume_size" = 20
        "volume_type" = "gp3"
      },
    ])
    "secondary_network_interface" = toset([])
    "secondary_private_ips" = toset([])
    "security_groups" = toset([
      "tr_all",
    ])
    "source_dest_check" = true
    "spot_instance_request_id" = ""
    "subnet_id" = "subnet-0f4fb3ba9a98a31a8"
    "tags" = tomap({
      "Name" = "rabbitmq"
      "Terraform" = "true"
    })
    "tags_all" = tomap({
      "Name" = "rabbitmq"
      "Terraform" = "true"
    })
    "tenancy" = "default"
    "timeouts" = null /* object */
    "user_data" = tostring(null)
    "user_data_base64" = tostring(null)
    "user_data_replace_on_change" = false
    "volume_tags" = tomap(null) /* of string */
    "vpc_security_group_ids" = toset([
      "sg-0a7eeeeb09a9c29be",
    ])
  },
]